[2021/10/24 17:19:31] [message] [Sun Oct 24 17:19:31 WEST 2021]: Start Visual Paradigm [VP]: 16.3 (20211004)
[2021/10/24 17:19:31] [message] Operating system: Linux 5.14.14-arch1-1 running on amd64
[2021/10/24 17:19:31] [message] Java VM: 11.0.10 OpenJDK 64-Bit Server VM, vendor 11.0.10+9 AdoptOpenJDK
[2021/10/24 17:19:31] [message] User: vaavaav, language: en
[2021/10/24 17:19:31] [message] Installation ID: accf0374ad9cb847effc20f7018909c9
[2021/10/24 17:19:31] [message] Memory: current=256M, max=1024M
[2021/10/24 17:19:32] [message] start startup getLicenseKey on 24-Oct-2021
[2021/10/24 17:19:32] [message] getLicenseKey in local ...
[2021/10/24 17:19:32] [message] getLicenseKey from server ...
[2021/10/24 17:19:32] [message] finish startup getLicenseKey
[2021/10/24 17:19:32] [message] getVerifiedLicenseKey: null; state=Installed
[2021/10/24 17:20:12] [message] start startup getLicenseKey on 24-Oct-2021
[2021/10/24 17:20:12] [message] getLicenseKey in local ...
[2021/10/24 17:20:12] [message] finish startup getLicenseKey
[2021/10/24 17:20:19] [message] Workspace: /home/vaavaav/.config/VisualParadigm/ws
[2021/10/24 17:27:53] [message] Exit Visual Paradigm
[2021/10/24 17:27:56] [message] Saved project ".systemproject" to "/home/vaavaav/.config/VisualParadigm/ws/.vpprefdata/.systemproject.vpp".
[2021/10/24 17:27:56] [message] System.exit: true
[2021/10/24 17:28:04] [message] [Sun Oct 24 17:28:04 WEST 2021]: Start Visual Paradigm Standard [VP SE]: 16.3 (20211004)
[2021/10/24 17:28:04] [message] Operating system: Linux 5.14.14-arch1-1 running on amd64
[2021/10/24 17:28:04] [message] Java VM: 11.0.10 OpenJDK 64-Bit Server VM, vendor 11.0.10+9 AdoptOpenJDK
[2021/10/24 17:28:04] [message] User: vaavaav, language: en
[2021/10/24 17:28:04] [message] Installation ID: accf0374ad9cb847effc20f7018909c9
[2021/10/24 17:28:04] [message] Memory: current=256M, max=1024M
[2021/10/24 17:28:04] [message] start startup getLicenseKey on 24-Oct-2021
[2021/10/24 17:28:04] [message] getLicenseKey in local ...
[2021/10/24 17:28:04] [message] finish startup getLicenseKey
[2021/10/24 17:28:07] [message] Workspace: /home/vaavaav/.config/VisualParadigm/ws
[2021/10/24 17:28:09] [message] Opening Project: /home/vaavaav/.config/VisualParadigm/ws/.vpprefdata/.systemproject.vpp
[2021/10/24 17:28:56] [message] Exit Visual Paradigm
[2021/10/24 17:28:56] [message] Saved project ".systemproject" to "/home/vaavaav/.config/VisualParadigm/ws/.vpprefdata/.systemproject.vpp".
[2021/10/24 17:28:56] [message] System.exit: true
[2021/10/24 17:29:02] [message] [Sun Oct 24 17:29:02 WEST 2021]: Start Visual Paradigm Standard [VP SE]: 16.3 (20211004)
[2021/10/24 17:29:02] [message] Operating system: Linux 5.14.14-arch1-1 running on amd64
[2021/10/24 17:29:02] [message] Java VM: 11.0.10 OpenJDK 64-Bit Server VM, vendor 11.0.10+9 AdoptOpenJDK
[2021/10/24 17:29:02] [message] User: vaavaav, language: en
[2021/10/24 17:29:02] [message] Installation ID: accf0374ad9cb847effc20f7018909c9
[2021/10/24 17:29:02] [message] Memory: current=256M, max=1024M
[2021/10/24 17:29:03] [message] start startup getLicenseKey on 24-Oct-2021
[2021/10/24 17:29:03] [message] getLicenseKey in local ...
[2021/10/24 17:29:03] [message] finish startup getLicenseKey
[2021/10/24 17:29:12] [message] Workspace: /home/vaavaav/.config/VisualParadigm/ws
[2021/10/24 17:29:14] [message] Opening Project: /home/vaavaav/.config/VisualParadigm/ws/.vpprefdata/.systemproject.vpp
[2021/10/24 17:30:09] [message] Exit Visual Paradigm
[2021/10/24 17:30:09] [message] Saved project ".systemproject" to "/home/vaavaav/.config/VisualParadigm/ws/.vpprefdata/.systemproject.vpp".
[2021/10/24 17:30:10] [message] System.exit: true
[2021/10/24 17:30:14] [message] [Sun Oct 24 17:30:14 WEST 2021]: Start Visual Paradigm Standard [VP SE]: 16.3 (20211004)
[2021/10/24 17:30:14] [message] Operating system: Linux 5.14.14-arch1-1 running on amd64
[2021/10/24 17:30:14] [message] Java VM: 11.0.10 OpenJDK 64-Bit Server VM, vendor 11.0.10+9 AdoptOpenJDK
[2021/10/24 17:30:14] [message] User: vaavaav, language: en
[2021/10/24 17:30:14] [message] Installation ID: accf0374ad9cb847effc20f7018909c9
[2021/10/24 17:30:14] [message] Memory: current=256M, max=1024M
[2021/10/24 17:30:14] [message] start startup getLicenseKey on 24-Oct-2021
[2021/10/24 17:30:14] [message] getLicenseKey in local ...
[2021/10/24 17:30:14] [message] finish startup getLicenseKey
[2021/10/24 17:30:17] [message] Workspace: /home/vaavaav/.config/VisualParadigm/ws
[2021/10/24 17:30:19] [message] Opening Project: /home/vaavaav/.config/VisualParadigm/ws/.vpprefdata/.systemproject.vpp
[2021/10/24 17:37:58] [message] Exit Visual Paradigm
[2021/10/24 17:37:58] [message] Saved project ".systemproject" to "/home/vaavaav/.config/VisualParadigm/ws/.vpprefdata/.systemproject.vpp".
[2021/10/24 17:37:59] [message] System.exit: true
[2021/10/24 17:38:05] [message] [Sun Oct 24 17:38:05 WEST 2021]: Start Visual Paradigm Standard [VP SE]: 16.3 (20211004)
[2021/10/24 17:38:05] [message] Operating system: Linux 5.14.14-arch1-1 running on amd64
[2021/10/24 17:38:05] [message] Java VM: 11.0.10 OpenJDK 64-Bit Server VM, vendor 11.0.10+9 AdoptOpenJDK
[2021/10/24 17:38:05] [message] User: vaavaav, language: en
[2021/10/24 17:38:05] [message] Installation ID: accf0374ad9cb847effc20f7018909c9
[2021/10/24 17:38:05] [message] Memory: current=256M, max=1024M
[2021/10/24 17:38:05] [message] start startup getLicenseKey on 24-Oct-2021
[2021/10/24 17:38:05] [message] getLicenseKey in local ...
[2021/10/24 17:38:05] [message] finish startup getLicenseKey
[2021/10/24 17:38:09] [message] Workspace: /home/vaavaav/.config/VisualParadigm/ws
[2021/10/24 17:38:11] [message] Opening Project: /home/vaavaav/.config/VisualParadigm/ws/.vpprefdata/.systemproject.vpp
[2021/10/24 17:41:48] [message] Exit Visual Paradigm
[2021/10/24 17:41:48] [message] Saved project ".systemproject" to "/home/vaavaav/.config/VisualParadigm/ws/.vpprefdata/.systemproject.vpp".
[2021/10/24 17:41:49] [message] System.exit: true
[2021/10/24 17:41:53] [message] [Sun Oct 24 17:41:53 WEST 2021]: Start Visual Paradigm Standard [VP SE]: 16.3 (20211004)
[2021/10/24 17:41:53] [message] Operating system: Linux 5.14.14-arch1-1 running on amd64
[2021/10/24 17:41:53] [message] Java VM: 11.0.10 OpenJDK 64-Bit Server VM, vendor 11.0.10+9 AdoptOpenJDK
[2021/10/24 17:41:53] [message] User: vaavaav, language: en
[2021/10/24 17:41:53] [message] Installation ID: accf0374ad9cb847effc20f7018909c9
[2021/10/24 17:41:53] [message] Memory: current=256M, max=1024M
[2021/10/24 17:41:53] [message] start startup getLicenseKey on 24-Oct-2021
[2021/10/24 17:41:53] [message] getLicenseKey in local ...
[2021/10/24 17:41:53] [message] finish startup getLicenseKey
[2021/10/24 17:41:58] [message] Workspace: /home/vaavaav/.config/VisualParadigm/ws
[2021/10/24 17:42:00] [message] Opening Project: /home/vaavaav/.config/VisualParadigm/ws/.vpprefdata/.systemproject.vpp
[2021/10/24 17:42:39] [message] Exit Visual Paradigm
[2021/10/24 17:42:39] [message] Saved project ".systemproject" to "/home/vaavaav/.config/VisualParadigm/ws/.vpprefdata/.systemproject.vpp".
[2021/10/24 17:42:39] [message] System.exit: true
[2021/10/24 17:42:43] [message] [Sun Oct 24 17:42:43 WEST 2021]: Start Visual Paradigm Standard [VP SE]: 16.3 (20211004)
[2021/10/24 17:42:43] [message] Operating system: Linux 5.14.14-arch1-1 running on amd64
[2021/10/24 17:42:43] [message] Java VM: 11.0.10 OpenJDK 64-Bit Server VM, vendor 11.0.10+9 AdoptOpenJDK
[2021/10/24 17:42:43] [message] User: vaavaav, language: en
[2021/10/24 17:42:43] [message] Installation ID: accf0374ad9cb847effc20f7018909c9
[2021/10/24 17:42:43] [message] Memory: current=256M, max=1024M
[2021/10/24 17:42:44] [message] start startup getLicenseKey on 24-Oct-2021
[2021/10/24 17:42:44] [message] getLicenseKey in local ...
[2021/10/24 17:42:44] [message] finish startup getLicenseKey
[2021/10/24 17:42:49] [message] Workspace: /home/vaavaav/.config/VisualParadigm/ws
[2021/10/24 17:42:52] [message] Opening Project: /home/vaavaav/.config/VisualParadigm/ws/.vpprefdata/.systemproject.vpp
[2021/10/24 17:43:14] [message] Exit Visual Paradigm
[2021/10/24 17:43:15] [message] Saved project ".systemproject" to "/home/vaavaav/.config/VisualParadigm/ws/.vpprefdata/.systemproject.vpp".
[2021/10/24 17:43:15] [message] System.exit: true
[2021/10/24 17:43:19] [message] [Sun Oct 24 17:43:19 WEST 2021]: Start Visual Paradigm Standard [VP SE]: 16.3 (20211004)
[2021/10/24 17:43:19] [message] Operating system: Linux 5.14.14-arch1-1 running on amd64
[2021/10/24 17:43:19] [message] Java VM: 11.0.10 OpenJDK 64-Bit Server VM, vendor 11.0.10+9 AdoptOpenJDK
[2021/10/24 17:43:19] [message] User: vaavaav, language: en
[2021/10/24 17:43:19] [message] Installation ID: accf0374ad9cb847effc20f7018909c9
[2021/10/24 17:43:19] [message] Memory: current=256M, max=1024M
[2021/10/24 17:43:20] [message] start startup getLicenseKey on 24-Oct-2021
[2021/10/24 17:43:20] [message] getLicenseKey in local ...
[2021/10/24 17:43:20] [message] finish startup getLicenseKey
[2021/10/24 17:43:23] [message] Workspace: /home/vaavaav/.config/VisualParadigm/ws
[2021/10/24 17:43:25] [message] Opening Project: /home/vaavaav/.config/VisualParadigm/ws/.vpprefdata/.systemproject.vpp
[2021/10/24 17:49:07] [warning] no application option files 
[2021/10/24 17:49:07] [warning] java.lang.InstantiationException: com.formdev.flatlaf.IntelliJTheme$ThemeLaf
	at java.base/java.lang.Class.newInstance(Class.java:571)
	at java.desktop/javax.swing.UIManager.setLookAndFeel(UIManager.java:633)
	at v.bno.e.a(:368)
	at v.bno.g.run(:348)
	at v.cbc.bd.a(:1096)
	at v.bno.e.b(:352)
	at v.bno.e.a(:247)
	at v.bno.e.a(:191)
	at v.RH.main(:8)
Caused by: java.lang.NoSuchMethodException: com.formdev.flatlaf.IntelliJTheme$ThemeLaf.<init>()
	at java.base/java.lang.Class.getConstructor0(Class.java:3349)
	at java.base/java.lang.Class.newInstance(Class.java:556)
	... 8 more

[2021/10/24 17:49:12] [warning] no sestroke_repository file , initDefaultStroke 
[2021/10/24 17:49:12] [warning] shape lib file not exist
[2021/10/24 17:49:12] [warning] Fill Format File not exist , aFilePath : /home/vaavaav/.config/VisualParadigm/ws/.seprefdata/.vpformats
[2021/10/24 17:49:13] [warning] no recent_open_files
[2021/10/24 17:49:13] [warning] Color Format File not exist , lFilePath : /home/vaavaav/.config/VisualParadigm/ws/.seprefdata/.colorFormat
[2021/10/24 17:49:13] [warning] Shadow Format File not exist , lFilePath : /home/vaavaav/.config/VisualParadigm/ws/.seprefdata/.shadowFormat
[2021/10/24 17:49:27] [warning] no application option files 
[2021/10/24 17:49:27] [warning] java.lang.InstantiationException: com.formdev.flatlaf.IntelliJTheme$ThemeLaf
	at java.base/java.lang.Class.newInstance(Class.java:571)
	at java.desktop/javax.swing.UIManager.setLookAndFeel(UIManager.java:633)
	at v.bno.e.a(:368)
	at v.bno.g.run(:348)
	at v.cbc.bd.a(:1096)
	at v.bno.e.b(:352)
	at v.bno.e.a(:247)
	at v.bno.e.a(:191)
	at v.RH.main(:8)
Caused by: java.lang.NoSuchMethodException: com.formdev.flatlaf.IntelliJTheme$ThemeLaf.<init>()
	at java.base/java.lang.Class.getConstructor0(Class.java:3349)
	at java.base/java.lang.Class.newInstance(Class.java:556)
	... 8 more

[2021/10/24 17:49:30] [warning] no sestroke_repository file , initDefaultStroke 
[2021/10/24 17:49:30] [warning] shape lib file not exist
[2021/10/24 17:49:30] [warning] Fill Format File not exist , aFilePath : /home/vaavaav/.config/VisualParadigm/ws/.seprefdata/.vpformats
[2021/10/24 18:27:43] [warning] java.io.IOException: Cannot run program "gconftool-2": error=2, No such file or directory
	at java.base/java.lang.ProcessBuilder.start(ProcessBuilder.java:1128)
	at java.base/java.lang.ProcessBuilder.start(ProcessBuilder.java:1071)
	at java.base/java.lang.Runtime.exec(Runtime.java:592)
	at v.cbc.i.a(:254)
	at v.ceb.e.b(:140)
	at v.ceb.e.a(:114)
	at v.ceb.e.b(:109)
	at v.cqy.bh.f(:94)
	at v.cqy.bh.e(:74)
	at v.cqy.bh.a(:46)
	at v.cqy.bh.<init>(:18)
	at v.bp.f.a(:972)
	at v.djm.u.cO(:712)
	at v.cco.qt.a(:1124)
	at v.dew.apo.a(:241)
	at v.djm.c.a(:125)
	at v.cco.qt.d(:985)
	at v.dew.apo.d(:205)
	at v.cco.qt.i(:834)
	at v.cco.qz.b(:153)
	at v.bxx.j.mouseReleased(:29)
	at java.desktop/java.awt.AWTEventMulticaster.mouseReleased(AWTEventMulticaster.java:297)
	at java.desktop/java.awt.Component.processMouseEvent(Component.java:6635)
	at java.desktop/javax.swing.JComponent.processMouseEvent(JComponent.java:3342)
	at java.desktop/java.awt.Component.processEvent(Component.java:6400)
	at java.desktop/java.awt.Container.processEvent(Container.java:2263)
	at java.desktop/java.awt.Component.dispatchEventImpl(Component.java:5011)
	at java.desktop/java.awt.Container.dispatchEventImpl(Container.java:2321)
	at java.desktop/java.awt.Component.dispatchEvent(Component.java:4843)
	at java.desktop/java.awt.LightweightDispatcher.retargetMouseEvent(Container.java:4918)
	at java.desktop/java.awt.LightweightDispatcher.processMouseEvent(Container.java:4547)
	at java.desktop/java.awt.LightweightDispatcher.dispatchEvent(Container.java:4488)
	at java.desktop/java.awt.Container.dispatchEventImpl(Container.java:2307)
	at java.desktop/java.awt.Window.dispatchEventImpl(Window.java:2772)
	at java.desktop/java.awt.Component.dispatchEvent(Component.java:4843)
	at java.desktop/java.awt.EventQueue.dispatchEventImpl(EventQueue.java:772)
	at java.desktop/java.awt.EventQueue$4.run(EventQueue.java:721)
	at java.desktop/java.awt.EventQueue$4.run(EventQueue.java:715)
	at java.base/java.security.AccessController.doPrivileged(Native Method)
	at java.base/java.security.ProtectionDomain$JavaSecurityAccessImpl.doIntersectionPrivilege(ProtectionDomain.java:85)
	at java.base/java.security.ProtectionDomain$JavaSecurityAccessImpl.doIntersectionPrivilege(ProtectionDomain.java:95)
	at java.desktop/java.awt.EventQueue$5.run(EventQueue.java:745)
	at java.desktop/java.awt.EventQueue$5.run(EventQueue.java:743)
	at java.base/java.security.AccessController.doPrivileged(Native Method)
	at java.base/java.security.ProtectionDomain$JavaSecurityAccessImpl.doIntersectionPrivilege(ProtectionDomain.java:85)
	at java.desktop/java.awt.EventQueue.dispatchEvent(EventQueue.java:742)
	at java.desktop/java.awt.EventDispatchThread.pumpOneEventForFilters(EventDispatchThread.java:203)
	at java.desktop/java.awt.EventDispatchThread.pumpEventsForFilter(EventDispatchThread.java:124)
	at java.desktop/java.awt.EventDispatchThread.pumpEventsForHierarchy(EventDispatchThread.java:113)
	at java.desktop/java.awt.EventDispatchThread.pumpEvents(EventDispatchThread.java:109)
	at java.desktop/java.awt.EventDispatchThread.pumpEvents(EventDispatchThread.java:101)
	at java.desktop/java.awt.EventDispatchThread.run(EventDispatchThread.java:90)
Caused by: java.io.IOException: error=2, No such file or directory
	at java.base/java.lang.ProcessImpl.forkAndExec(Native Method)
	at java.base/java.lang.ProcessImpl.<init>(ProcessImpl.java:340)
	at java.base/java.lang.ProcessImpl.start(ProcessImpl.java:271)
	at java.base/java.lang.ProcessBuilder.start(ProcessBuilder.java:1107)
	... 51 more

[2021/10/24 18:27:43] [warning] java.io.IOException: Cannot run program "gconftool-2": error=2, No such file or directory
	at java.base/java.lang.ProcessBuilder.start(ProcessBuilder.java:1128)
	at java.base/java.lang.ProcessBuilder.start(ProcessBuilder.java:1071)
	at java.base/java.lang.Runtime.exec(Runtime.java:592)
	at v.cbc.i.a(:254)
	at v.ceb.e.b(:140)
	at v.ceb.e.a(:114)
	at v.ceb.e.b(:109)
	at v.cqy.bh.f(:94)
	at v.cqy.bh.e(:74)
	at v.cqy.bh.a(:46)
	at v.cqy.bh.<init>(:18)
	at v.bp.f.a(:972)
	at v.djm.u.cO(:712)
	at v.cco.qt.a(:1124)
	at v.dew.apo.a(:241)
	at v.djm.c.a(:125)
	at v.cco.qt.d(:985)
	at v.dew.apo.d(:205)
	at v.cco.qt.i(:834)
	at v.cco.qz.b(:153)
	at v.bxx.j.mouseReleased(:29)
	at java.desktop/java.awt.AWTEventMulticaster.mouseReleased(AWTEventMulticaster.java:297)
	at java.desktop/java.awt.Component.processMouseEvent(Component.java:6635)
	at java.desktop/javax.swing.JComponent.processMouseEvent(JComponent.java:3342)
	at java.desktop/java.awt.Component.processEvent(Component.java:6400)
	at java.desktop/java.awt.Container.processEvent(Container.java:2263)
	at java.desktop/java.awt.Component.dispatchEventImpl(Component.java:5011)
	at java.desktop/java.awt.Container.dispatchEventImpl(Container.java:2321)
	at java.desktop/java.awt.Component.dispatchEvent(Component.java:4843)
	at java.desktop/java.awt.LightweightDispatcher.retargetMouseEvent(Container.java:4918)
	at java.desktop/java.awt.LightweightDispatcher.processMouseEvent(Container.java:4547)
	at java.desktop/java.awt.LightweightDispatcher.dispatchEvent(Container.java:4488)
	at java.desktop/java.awt.Container.dispatchEventImpl(Container.java:2307)
	at java.desktop/java.awt.Window.dispatchEventImpl(Window.java:2772)
	at java.desktop/java.awt.Component.dispatchEvent(Component.java:4843)
	at java.desktop/java.awt.EventQueue.dispatchEventImpl(EventQueue.java:772)
	at java.desktop/java.awt.EventQueue$4.run(EventQueue.java:721)
	at java.desktop/java.awt.EventQueue$4.run(EventQueue.java:715)
	at java.base/java.security.AccessController.doPrivileged(Native Method)
	at java.base/java.security.ProtectionDomain$JavaSecurityAccessImpl.doIntersectionPrivilege(ProtectionDomain.java:85)
	at java.base/java.security.ProtectionDomain$JavaSecurityAccessImpl.doIntersectionPrivilege(ProtectionDomain.java:95)
	at java.desktop/java.awt.EventQueue$5.run(EventQueue.java:745)
	at java.desktop/java.awt.EventQueue$5.run(EventQueue.java:743)
	at java.base/java.security.AccessController.doPrivileged(Native Method)
	at java.base/java.security.ProtectionDomain$JavaSecurityAccessImpl.doIntersectionPrivilege(ProtectionDomain.java:85)
	at java.desktop/java.awt.EventQueue.dispatchEvent(EventQueue.java:742)
	at java.desktop/java.awt.EventDispatchThread.pumpOneEventForFilters(EventDispatchThread.java:203)
	at java.desktop/java.awt.EventDispatchThread.pumpEventsForFilter(EventDispatchThread.java:124)
	at java.desktop/java.awt.EventDispatchThread.pumpEventsForHierarchy(EventDispatchThread.java:113)
	at java.desktop/java.awt.EventDispatchThread.pumpEvents(EventDispatchThread.java:109)
	at java.desktop/java.awt.EventDispatchThread.pumpEvents(EventDispatchThread.java:101)
	at java.desktop/java.awt.EventDispatchThread.run(EventDispatchThread.java:90)
Caused by: java.io.IOException: error=2, No such file or directory
	at java.base/java.lang.ProcessImpl.forkAndExec(Native Method)
	at java.base/java.lang.ProcessImpl.<init>(ProcessImpl.java:340)
	at java.base/java.lang.ProcessImpl.start(ProcessImpl.java:271)
	at java.base/java.lang.ProcessBuilder.start(ProcessBuilder.java:1107)
	... 51 more

[2021/10/24 18:35:14] [message] Exit Visual Paradigm
[2021/10/24 18:35:15] [message] Saved project ".systemproject" to "/home/vaavaav/.config/VisualParadigm/ws/.vpprefdata/.systemproject.vpp".
[2021/10/24 18:35:16] [message] System.exit: true
[2021/10/24 18:35:20] [message] [Sun Oct 24 18:35:20 WEST 2021]: Start Visual Paradigm Standard [VP SE]: 16.3 (20211004)
[2021/10/24 18:35:20] [message] Operating system: Linux 5.14.14-arch1-1 running on amd64
[2021/10/24 18:35:20] [message] Java VM: 11.0.10 OpenJDK 64-Bit Server VM, vendor 11.0.10+9 AdoptOpenJDK
[2021/10/24 18:35:20] [message] User: vaavaav, language: en
[2021/10/24 18:35:20] [message] Installation ID: accf0374ad9cb847effc20f7018909c9
[2021/10/24 18:35:20] [message] Memory: current=256M, max=1024M
[2021/10/24 18:35:20] [message] start startup getLicenseKey on 24-Oct-2021
[2021/10/24 18:35:20] [message] getLicenseKey in local ...
[2021/10/24 18:35:20] [message] finish startup getLicenseKey
[2021/10/24 18:35:22] [message] Workspace: /home/vaavaav/.config/VisualParadigm/ws
[2021/10/24 18:35:25] [message] Opening Project: /home/vaavaav/.config/VisualParadigm/ws/.vpprefdata/.systemproject.vpp
[2021/10/24 18:36:04] [warning] java.io.IOException: Cannot run program "gconftool-2": error=2, No such file or directory
	at java.base/java.lang.ProcessBuilder.start(ProcessBuilder.java:1128)
	at java.base/java.lang.ProcessBuilder.start(ProcessBuilder.java:1071)
	at java.base/java.lang.Runtime.exec(Runtime.java:592)
	at v.cbc.i.a(:254)
	at v.ceb.e.b(:140)
	at v.ceb.e.a(:114)
	at v.ceb.e.b(:109)
	at v.cqy.bh.f(:94)
	at v.cqy.bh.e(:74)
	at v.cqy.bh.a(:46)
	at v.cqy.bh.<init>(:18)
	at v.bp.f.a(:972)
	at v.djm.p.run(:442)
	at v.djm.g.cO(:402)
	at v.cco.hk.a(:1863)
	at v.cdd.o.a(:41)
	at v.cco.qt.d(:947)
	at v.dew.apo.d(:205)
	at v.cco.qt.i(:834)
	at v.cco.qz.b(:153)
	at v.bxx.j.mouseReleased(:29)
	at java.desktop/java.awt.AWTEventMulticaster.mouseReleased(AWTEventMulticaster.java:297)
	at java.desktop/java.awt.Component.processMouseEvent(Component.java:6635)
	at java.desktop/javax.swing.JComponent.processMouseEvent(JComponent.java:3342)
	at java.desktop/java.awt.Component.processEvent(Component.java:6400)
	at java.desktop/java.awt.Container.processEvent(Container.java:2263)
	at java.desktop/java.awt.Component.dispatchEventImpl(Component.java:5011)
	at java.desktop/java.awt.Container.dispatchEventImpl(Container.java:2321)
	at java.desktop/java.awt.Component.dispatchEvent(Component.java:4843)
	at java.desktop/java.awt.LightweightDispatcher.retargetMouseEvent(Container.java:4918)
	at java.desktop/java.awt.LightweightDispatcher.processMouseEvent(Container.java:4547)
	at java.desktop/java.awt.LightweightDispatcher.dispatchEvent(Container.java:4488)
	at java.desktop/java.awt.Container.dispatchEventImpl(Container.java:2307)
	at java.desktop/java.awt.Window.dispatchEventImpl(Window.java:2772)
	at java.desktop/java.awt.Component.dispatchEvent(Component.java:4843)
	at java.desktop/java.awt.EventQueue.dispatchEventImpl(EventQueue.java:772)
	at java.desktop/java.awt.EventQueue$4.run(EventQueue.java:721)
	at java.desktop/java.awt.EventQueue$4.run(EventQueue.java:715)
	at java.base/java.security.AccessController.doPrivileged(Native Method)
	at java.base/java.security.ProtectionDomain$JavaSecurityAccessImpl.doIntersectionPrivilege(ProtectionDomain.java:85)
	at java.base/java.security.ProtectionDomain$JavaSecurityAccessImpl.doIntersectionPrivilege(ProtectionDomain.java:95)
	at java.desktop/java.awt.EventQueue$5.run(EventQueue.java:745)
	at java.desktop/java.awt.EventQueue$5.run(EventQueue.java:743)
	at java.base/java.security.AccessController.doPrivileged(Native Method)
	at java.base/java.security.ProtectionDomain$JavaSecurityAccessImpl.doIntersectionPrivilege(ProtectionDomain.java:85)
	at java.desktop/java.awt.EventQueue.dispatchEvent(EventQueue.java:742)
	at java.desktop/java.awt.EventDispatchThread.pumpOneEventForFilters(EventDispatchThread.java:203)
	at java.desktop/java.awt.EventDispatchThread.pumpEventsForFilter(EventDispatchThread.java:124)
	at java.desktop/java.awt.EventDispatchThread.pumpEventsForHierarchy(EventDispatchThread.java:113)
	at java.desktop/java.awt.EventDispatchThread.pumpEvents(EventDispatchThread.java:109)
	at java.desktop/java.awt.EventDispatchThread.pumpEvents(EventDispatchThread.java:101)
	at java.desktop/java.awt.EventDispatchThread.run(EventDispatchThread.java:90)
Caused by: java.io.IOException: error=2, No such file or directory
	at java.base/java.lang.ProcessImpl.forkAndExec(Native Method)
	at java.base/java.lang.ProcessImpl.<init>(ProcessImpl.java:340)
	at java.base/java.lang.ProcessImpl.start(ProcessImpl.java:271)
	at java.base/java.lang.ProcessBuilder.start(ProcessBuilder.java:1107)
	... 51 more

[2021/10/24 18:36:04] [warning] java.io.IOException: Cannot run program "gconftool-2": error=2, No such file or directory
	at java.base/java.lang.ProcessBuilder.start(ProcessBuilder.java:1128)
	at java.base/java.lang.ProcessBuilder.start(ProcessBuilder.java:1071)
	at java.base/java.lang.Runtime.exec(Runtime.java:592)
	at v.cbc.i.a(:254)
	at v.ceb.e.b(:140)
	at v.ceb.e.a(:114)
	at v.ceb.e.b(:109)
	at v.cqy.bh.f(:94)
	at v.cqy.bh.e(:74)
	at v.cqy.bh.a(:46)
	at v.cqy.bh.<init>(:18)
	at v.bp.f.a(:972)
	at v.djm.p.run(:442)
	at v.djm.g.cO(:402)
	at v.cco.hk.a(:1863)
	at v.cdd.o.a(:41)
	at v.cco.qt.d(:947)
	at v.dew.apo.d(:205)
	at v.cco.qt.i(:834)
	at v.cco.qz.b(:153)
	at v.bxx.j.mouseReleased(:29)
	at java.desktop/java.awt.AWTEventMulticaster.mouseReleased(AWTEventMulticaster.java:297)
	at java.desktop/java.awt.Component.processMouseEvent(Component.java:6635)
	at java.desktop/javax.swing.JComponent.processMouseEvent(JComponent.java:3342)
	at java.desktop/java.awt.Component.processEvent(Component.java:6400)
	at java.desktop/java.awt.Container.processEvent(Container.java:2263)
	at java.desktop/java.awt.Component.dispatchEventImpl(Component.java:5011)
	at java.desktop/java.awt.Container.dispatchEventImpl(Container.java:2321)
	at java.desktop/java.awt.Component.dispatchEvent(Component.java:4843)
	at java.desktop/java.awt.LightweightDispatcher.retargetMouseEvent(Container.java:4918)
	at java.desktop/java.awt.LightweightDispatcher.processMouseEvent(Container.java:4547)
	at java.desktop/java.awt.LightweightDispatcher.dispatchEvent(Container.java:4488)
	at java.desktop/java.awt.Container.dispatchEventImpl(Container.java:2307)
	at java.desktop/java.awt.Window.dispatchEventImpl(Window.java:2772)
	at java.desktop/java.awt.Component.dispatchEvent(Component.java:4843)
	at java.desktop/java.awt.EventQueue.dispatchEventImpl(EventQueue.java:772)
	at java.desktop/java.awt.EventQueue$4.run(EventQueue.java:721)
	at java.desktop/java.awt.EventQueue$4.run(EventQueue.java:715)
	at java.base/java.security.AccessController.doPrivileged(Native Method)
	at java.base/java.security.ProtectionDomain$JavaSecurityAccessImpl.doIntersectionPrivilege(ProtectionDomain.java:85)
	at java.base/java.security.ProtectionDomain$JavaSecurityAccessImpl.doIntersectionPrivilege(ProtectionDomain.java:95)
	at java.desktop/java.awt.EventQueue$5.run(EventQueue.java:745)
	at java.desktop/java.awt.EventQueue$5.run(EventQueue.java:743)
	at java.base/java.security.AccessController.doPrivileged(Native Method)
	at java.base/java.security.ProtectionDomain$JavaSecurityAccessImpl.doIntersectionPrivilege(ProtectionDomain.java:85)
	at java.desktop/java.awt.EventQueue.dispatchEvent(EventQueue.java:742)
	at java.desktop/java.awt.EventDispatchThread.pumpOneEventForFilters(EventDispatchThread.java:203)
	at java.desktop/java.awt.EventDispatchThread.pumpEventsForFilter(EventDispatchThread.java:124)
	at java.desktop/java.awt.EventDispatchThread.pumpEventsForHierarchy(EventDispatchThread.java:113)
	at java.desktop/java.awt.EventDispatchThread.pumpEvents(EventDispatchThread.java:109)
	at java.desktop/java.awt.EventDispatchThread.pumpEvents(EventDispatchThread.java:101)
	at java.desktop/java.awt.EventDispatchThread.run(EventDispatchThread.java:90)
Caused by: java.io.IOException: error=2, No such file or directory
	at java.base/java.lang.ProcessImpl.forkAndExec(Native Method)
	at java.base/java.lang.ProcessImpl.<init>(ProcessImpl.java:340)
	at java.base/java.lang.ProcessImpl.start(ProcessImpl.java:271)
	at java.base/java.lang.ProcessBuilder.start(ProcessBuilder.java:1107)
	... 51 more

[2021/10/24 19:08:41] [message] Exit Visual Paradigm
[2021/10/24 19:08:45] [message] Exit Visual Paradigm
[2021/10/24 19:08:46] [message] Saved project ".systemproject" to "/home/vaavaav/.config/VisualParadigm/ws/.vpprefdata/.systemproject.vpp".
[2021/10/24 19:08:47] [message] System.exit: true
