[2021/10/24 17:25:24] === update info ===
[2021/10/24 17:25:24]  platformUpdate: /home/vaavaav/.config/VisualParadigm/tmp/platformupdate12478807979759038214_dir/lib/platforminstaller.jar
[2021/10/24 17:25:24]  updateIndex: 0
[2021/10/24 17:25:24]  process: true
[2021/10/24 17:25:24]  local server: false (patch: false)
[2021/10/24 17:25:24]  config: false
[2021/10/24 17:25:24]  quiet: false
[2021/10/24 17:25:24]  init: false (force: false, version: null)
[2021/10/24 17:25:24]  local: null
[2021/10/24 17:25:24]  server: null
[2021/10/24 17:25:24]  servers: null
[2021/10/24 17:25:24]  directory: null
[2021/10/24 17:25:24]  proxy.host: 
[2021/10/24 17:25:24]  proxy.port: 
[2021/10/24 17:25:24]  update from vp: false
[2021/10/24 17:25:24]  auto updating: true
[2021/10/24 17:25:24]  auto updating 2: false
[2021/10/24 17:25:24]  client build: 20211004
[2021/10/24 17:25:24]  request download key 12.0: null
[2021/10/24 17:25:24] === Internet Connection Links ====
[2021/10/24 17:25:24] servers: https://www.visual-paradigm.com/download/productupdate/vp.jsp
[2021/10/24 17:25:24] latest: https://www.visual-paradigm.com/download/latestinfo.jsp
[2021/10/24 17:25:24] documentation: https://www.visual-paradigm.com/installers/vpsuite16.3/
[2021/10/24 17:25:24] product name: Visual Paradigm
[2021/10/24 17:25:24] ----------------------------------
[2021/10/24 17:25:24] === Internet Connection Links ====
[2021/10/24 17:25:24] servers: https://www.visual-paradigm.com/download/productupdate/vp.jsp
[2021/10/24 17:25:24] latest: https://www.visual-paradigm.com/download/latestinfo.jsp
[2021/10/24 17:25:24] documentation: https://www.visual-paradigm.com/installers/vpsuite16.3/
[2021/10/24 17:25:24] product name: Visual Paradigm
[2021/10/24 17:25:24] ----------------------------------
[2021/10/24 17:25:24] <<< Update Process >>>
[2021/10/24 17:25:24] ----------------- Update Main (Auto) ---------------
[2021/10/24 17:25:24] >>> read installed products: true, /home/vaavaav/Visual_Paradigm_16.3/resources/.product_installation.xml
[2021/10/24 17:25:24] loading installed product: /home/vaavaav/Visual_Paradigm_16.3, vp, 1
[2021/10/24 17:25:24] ---------------------------------------------
[2021/10/24 17:25:24] Finding Server...
[2021/10/24 17:25:25] Selected Server: Germany7, https://eu8.dl.visual-paradigm.com/visual-paradigm/vp16.3/20211004/Update
[2021/10/24 17:25:25] Trying connect server...
[2021/10/24 17:25:25] test connection..... true, https://eu8.dl.visual-paradigm.com/visual-paradigm/vp16.3/20211004/Update/resources/vpupdateinfo.xml
[2021/10/24 17:25:25] Auto Update Checking Update Program...
[2021/10/24 17:25:25] >>>>>>>>>>> GET UPDATE XML FROM SERVER: false, https://eu8.dl.visual-paradigm.com/visual-paradigm/vp16.3/20211004/Update
[2021/10/24 17:25:25] >>>>>>>>>>> GET UPDATE XML FROM SERVER 3: https://eu8.dl.visual-paradigm.com/visual-paradigm/vp16.3/20211004/Update/resources/vpupdateinfo.xml
[2021/10/24 17:25:26] >>>>>>>>>>> GET UPDATE XML FROM SERVER 4: true, sun.net.www.protocol.http.HttpURLConnection$HttpInputStream@8fe5efa
[2021/10/24 17:25:26] >>>>>>>>>>> GET UPDATE XML FROM SERVER 7: sun.net.www.protocol.http.HttpURLConnection$HttpInputStream@8fe5efa
[2021/10/24 17:25:26] >>>>>>>>>>> GET UPDATE XML FROM SERVER 8: /home/vaavaav/.config/VisualParadigm/tmp/productupdatexml11242306546997091565.xml
[2021/10/24 17:25:26] >>>>>>>>>>> GET UPDATE XML FROM SERVER 9: /home/vaavaav/.config/VisualParadigm/tmp/productupdatexml11242306546997091565.xml
[2021/10/24 17:25:26] Version --- https://eu8.dl.visual-paradigm.com/visual-paradigm/vp16.3/20211004/Update 
program: 
	20201230
	20201230
product: 
	vp
	vp
build: 
	20211004
	20211004
suite version: 
	16.3
	16.3
resume: 
	20211004
	null
[2021/10/24 17:25:26] You are running the latest hotfix build. No need to update.
[2021/10/24 17:27:56] === Java Execute =================
[2021/10/24 17:27:56] /home/vaavaav/Visual_Paradigm_16.3/jre/bin/java
[2021/10/24 17:27:56] -cp
[2021/10/24 17:27:56] /home/vaavaav/Visual_Paradigm_16.3/lib/platforminstaller.jar:
[2021/10/24 17:27:56] com.vp.platform.installer.ClearUpdateMain
[2021/10/24 17:27:56] /home/vaavaav/.config/VisualParadigm/tmp/platformupdate12478807979759038214_dir
[2021/10/24 17:27:56] --------------------
[2021/10/24 17:27:56] /home/vaavaav/Visual_Paradigm_16.3/jre/bin/java -cp /home/vaavaav/Visual_Paradigm_16.3/lib/platforminstaller.jar: com.vp.platform.installer.ClearUpdateMain /home/vaavaav/.config/VisualParadigm/tmp/platformupdate12478807979759038214_dir
[2021/10/24 17:27:56] --------------------
